<?xml version="1.0" encoding="UTF-8"?>
<testng-results ignored="0" total="1" passed="1" failed="0" skipped="0">
  <reporter-output>
    <line>
      <![CDATA[welcome page displayed successfully..]]>
    </line>
    <line>
      <![CDATA[login page displayed successfully..]]>
    </line>
    <line>
      <![CDATA[user logged in successfully..]]>
    </line>
  </reporter-output>
  <suite started-at="2024-09-27T15:27:03 IST" name="Default suite" finished-at="2024-09-27T15:27:14 IST" duration-ms="10576">
    <groups>
    </groups>
    <test started-at="2024-09-27T15:27:03 IST" name="Default test" finished-at="2024-09-27T15:27:14 IST" duration-ms="10576">
      <class name="Learning_TestNG.Learning_Hard_Assert">
        <test-method signature="logintest()[pri:0, instance:Learning_TestNG.Learning_Hard_Assert@49139829]" started-at="2024-09-27T15:27:03 IST" name="logintest" finished-at="2024-09-27T15:27:14 IST" duration-ms="10499" status="PASS">
          <reporter-output>
            <line>
              <![CDATA[welcome page displayed successfully..]]>
            </line>
            <line>
              <![CDATA[login page displayed successfully..]]>
            </line>
            <line>
              <![CDATA[user logged in successfully..]]>
            </line>
          </reporter-output>
        </test-method> <!-- logintest -->
      </class> <!-- Learning_TestNG.Learning_Hard_Assert -->
    </test> <!-- Default test -->
  </suite> <!-- Default suite -->
</testng-results>
